{"/Users/amricpaul/Amric/react-assessment/src/config.ts": {"path":"/Users/amricpaul/Amric/react-assessment/src/config.ts","statementMap":{"0":{"start":{"line":3,"column":13},"end":{"line":7,"column":2}},"1":{"start":{"line":9,"column":0},"end":{"line":9,"column":22}}},"fnMap":{},"branchMap":{},"s":{"0":2,"1":2},"f":{},"b":{}}
,"/Users/amricpaul/Amric/react-assessment/src/components/article/ArticleCard.tsx": {"path":"/Users/amricpaul/Amric/react-assessment/src/components/article/ArticleCard.tsx","statementMap":{"0":{"start":{"line":1,"column":0},"end":{"line":1,"column":34}},"1":{"start":{"line":2,"column":0},"end":{"line":2,"column":36}},"2":{"start":{"line":4,"column":0},"end":{"line":4,"column":28}},"3":{"start":{"line":5,"column":0},"end":{"line":5,"column":null}},"4":{"start":{"line":18,"column":4},"end":{"line":20,"column":33}},"5":{"start":{"line":19,"column":31},"end":{"line":19,"column":68}},"6":{"start":{"line":24,"column":21},"end":{"line":24,"column":39}},"7":{"start":{"line":25,"column":4},"end":{"line":25,"column":31}},"8":{"start":{"line":25,"column":19},"end":{"line":25,"column":31}},"9":{"start":{"line":27,"column":4},"end":{"line":36,"column":6}},"10":{"start":{"line":40,"column":4},"end":{"line":50,"column":6}},"11":{"start":{"line":54,"column":4},"end":{"line":69,"column":6}},"12":{"start":{"line":16,"column":0},"end":{"line":16,"column":13}},"13":{"start":{"line":75,"column":4},"end":{"line":95,"column":6}},"14":{"start":{"line":73,"column":0},"end":{"line":73,"column":13}}},"fnMap":{"0":{"name":"(anonymous_1)","decl":{"start":{"line":17,"column":10},"end":{"line":17,"column":21}},"loc":{"start":{"line":17,"column":21},"end":{"line":21,"column":3}}},"1":{"name":"(anonymous_2)","decl":{"start":{"line":19,"column":6},"end":{"line":19,"column":7}},"loc":{"start":{"line":19,"column":31},"end":{"line":19,"column":68}}},"2":{"name":"(anonymous_3)","decl":{"start":{"line":23,"column":10},"end":{"line":23,"column":21}},"loc":{"start":{"line":23,"column":21},"end":{"line":37,"column":3}}},"3":{"name":"(anonymous_4)","decl":{"start":{"line":39,"column":10},"end":{"line":39,"column":24}},"loc":{"start":{"line":39,"column":24},"end":{"line":51,"column":3}}},"4":{"name":"(anonymous_5)","decl":{"start":{"line":53,"column":2},"end":{"line":53,"column":8}},"loc":{"start":{"line":53,"column":8},"end":{"line":70,"column":3}}},"5":{"name":"(anonymous_6)","decl":{"start":{"line":74,"column":2},"end":{"line":74,"column":8}},"loc":{"start":{"line":74,"column":8},"end":{"line":96,"column":3}}}},"branchMap":{"0":{"loc":{"start":{"line":18,"column":11},"end":{"line":20,"column":32}},"type":"binary-expr","locations":[{"start":{"line":18,"column":11},"end":{"line":20,"column":10}},{"start":{"line":20,"column":14},"end":{"line":20,"column":32}}]},"1":{"loc":{"start":{"line":25,"column":4},"end":{"line":25,"column":31}},"type":"if","locations":[{"start":{"line":25,"column":4},"end":{"line":25,"column":31}}]},"2":{"loc":{"start":{"line":43,"column":17},"end":{"line":43,"column":40}},"type":"binary-expr","locations":[{"start":{"line":43,"column":17},"end":{"line":43,"column":34}},{"start":{"line":43,"column":38},"end":{"line":43,"column":40}}]},"3":{"loc":{"start":{"line":47,"column":17},"end":{"line":47,"column":66}},"type":"binary-expr","locations":[{"start":{"line":47,"column":17},"end":{"line":47,"column":60}},{"start":{"line":47,"column":64},"end":{"line":47,"column":66}}]},"4":{"loc":{"start":{"line":64,"column":15},"end":{"line":64,"column":40}},"type":"binary-expr","locations":[{"start":{"line":64,"column":15},"end":{"line":64,"column":34}},{"start":{"line":64,"column":38},"end":{"line":64,"column":40}}]}},"s":{"0":2,"1":2,"2":2,"3":2,"4":7,"5":6,"6":7,"7":7,"8":0,"9":7,"10":7,"11":7,"12":2,"13":18,"14":2},"f":{"0":7,"1":6,"2":7,"3":7,"4":7,"5":18},"b":{"0":[7,3],"1":[0],"2":[7,0],"3":[7,0],"4":[7,0]}}
,"/Users/amricpaul/Amric/react-assessment/src/components/article/ArticleList.tsx": {"path":"/Users/amricpaul/Amric/react-assessment/src/components/article/ArticleList.tsx","statementMap":{"0":{"start":{"line":1,"column":0},"end":{"line":1,"column":34}},"1":{"start":{"line":2,"column":0},"end":{"line":2,"column":65}},"2":{"start":{"line":3,"column":0},"end":{"line":3,"column":58}},"3":{"start":{"line":12,"column":4},"end":{"line":14,"column":5}},"4":{"start":{"line":13,"column":6},"end":{"line":13,"column":35}},"5":{"start":{"line":18,"column":4},"end":{"line":20,"column":5}},"6":{"start":{"line":19,"column":6},"end":{"line":19,"column":37}},"7":{"start":{"line":22,"column":41},"end":{"line":22,"column":53}},"8":{"start":{"line":24,"column":4},"end":{"line":26,"column":5}},"9":{"start":{"line":25,"column":6},"end":{"line":25,"column":37}},"10":{"start":{"line":28,"column":4},"end":{"line":30,"column":5}},"11":{"start":{"line":29,"column":6},"end":{"line":29,"column":29}},"12":{"start":{"line":32,"column":4},"end":{"line":38,"column":6}},"13":{"start":{"line":35,"column":10},"end":{"line":35,"column":59}},"14":{"start":{"line":7,"column":0},"end":{"line":7,"column":13}},"15":{"start":{"line":8,"column":9},"end":{"line":8,"column":null}},"16":{"start":{"line":42,"column":35},"end":{"line":50,"column":1}},"17":{"start":{"line":43,"column":2},"end":{"line":49,"column":4}},"18":{"start":{"line":46,"column":8},"end":{"line":46,"column":43}},"19":{"start":{"line":42,"column":13},"end":{"line":42,"column":35}}},"fnMap":{"0":{"name":"(anonymous_0)","decl":{"start":{"line":11,"column":2},"end":{"line":11,"column":19}},"loc":{"start":{"line":11,"column":19},"end":{"line":15,"column":3}}},"1":{"name":"(anonymous_1)","decl":{"start":{"line":17,"column":2},"end":{"line":17,"column":8}},"loc":{"start":{"line":17,"column":8},"end":{"line":39,"column":3}}},"2":{"name":"(anonymous_2)","decl":{"start":{"line":34,"column":22},"end":{"line":34,"column":23}},"loc":{"start":{"line":35,"column":10},"end":{"line":35,"column":59}}},"3":{"name":"(anonymous_3)","decl":{"start":{"line":42,"column":35},"end":{"line":42,"column":38}},"loc":{"start":{"line":42,"column":40},"end":{"line":50,"column":1}}},"4":{"name":"(anonymous_4)","decl":{"start":{"line":45,"column":37},"end":{"line":45,"column":38}},"loc":{"start":{"line":46,"column":8},"end":{"line":46,"column":43}}}},"branchMap":{"0":{"loc":{"start":{"line":12,"column":4},"end":{"line":14,"column":5}},"type":"if","locations":[{"start":{"line":12,"column":4},"end":{"line":14,"column":5}}]},"1":{"loc":{"start":{"line":18,"column":4},"end":{"line":20,"column":5}},"type":"if","locations":[{"start":{"line":18,"column":4},"end":{"line":20,"column":5}}]},"2":{"loc":{"start":{"line":24,"column":4},"end":{"line":26,"column":5}},"type":"if","locations":[{"start":{"line":24,"column":4},"end":{"line":26,"column":5}}]},"3":{"loc":{"start":{"line":28,"column":4},"end":{"line":30,"column":5}},"type":"if","locations":[{"start":{"line":28,"column":4},"end":{"line":30,"column":5}}]}},"s":{"0":1,"1":1,"2":1,"3":4,"4":3,"5":6,"6":1,"7":5,"8":5,"9":1,"10":4,"11":2,"12":2,"13":2,"14":1,"15":1,"16":1,"17":2,"18":18,"19":1},"f":{"0":4,"1":6,"2":2,"3":2,"4":18},"b":{"0":[3],"1":[1],"2":[1],"3":[2]}}
,"/Users/amricpaul/Amric/react-assessment/src/components/error/ErrorBoundry.tsx": {"path":"/Users/amricpaul/Amric/react-assessment/src/components/error/ErrorBoundry.tsx","statementMap":{"0":{"start":{"line":1,"column":0},"end":{"line":1,"column":56}},"1":{"start":{"line":2,"column":0},"end":{"line":2,"column":36}},"2":{"start":{"line":3,"column":0},"end":{"line":3,"column":34}},"3":{"start":{"line":4,"column":0},"end":{"line":4,"column":null}},"4":{"start":{"line":27,"column":4},"end":{"line":27,"column":17}},"5":{"start":{"line":24,"column":10},"end":{"line":24,"column":null}},"6":{"start":{"line":28,"column":4},"end":{"line":32,"column":6}},"7":{"start":{"line":36,"column":4},"end":{"line":40,"column":6}},"8":{"start":{"line":45,"column":4},"end":{"line":45,"column":68}},"9":{"start":{"line":49,"column":4},"end":{"line":91,"column":5}},"10":{"start":{"line":50,"column":6},"end":{"line":90,"column":8}},"11":{"start":{"line":71,"column":32},"end":{"line":71,"column":103}},"12":{"start":{"line":93,"column":4},"end":{"line":93,"column":31}},"13":{"start":{"line":97,"column":0},"end":{"line":97,"column":29}}},"fnMap":{"0":{"name":"(anonymous_1)","decl":{"start":{"line":26,"column":2},"end":{"line":26,"column":14}},"loc":{"start":{"line":26,"column":26},"end":{"line":33,"column":3}}},"1":{"name":"(anonymous_2)","decl":{"start":{"line":35,"column":2},"end":{"line":35,"column":8}},"loc":{"start":{"line":35,"column":46},"end":{"line":41,"column":3}}},"2":{"name":"(anonymous_3)","decl":{"start":{"line":43,"column":2},"end":{"line":43,"column":19}},"loc":{"start":{"line":43,"column":54},"end":{"line":46,"column":3}}},"3":{"name":"(anonymous_4)","decl":{"start":{"line":48,"column":2},"end":{"line":48,"column":8}},"loc":{"start":{"line":48,"column":8},"end":{"line":94,"column":3}}},"4":{"name":"(anonymous_5)","decl":{"start":{"line":71,"column":26},"end":{"line":71,"column":29}},"loc":{"start":{"line":71,"column":32},"end":{"line":71,"column":103}}}},"branchMap":{"0":{"loc":{"start":{"line":49,"column":4},"end":{"line":91,"column":5}},"type":"if","locations":[{"start":{"line":49,"column":4},"end":{"line":91,"column":5}}]},"1":{"loc":{"start":{"line":50,"column":13},"end":{"line":89,"column":null}},"type":"binary-expr","locations":[{"start":{"line":50,"column":13},"end":{"line":50,"column":32}},{"start":{"line":51,"column":8},"end":{"line":88,"column":null}}]},"2":{"loc":{"start":{"line":69,"column":10},"end":{"line":87,"column":null}},"type":"binary-expr","locations":[{"start":{"line":69,"column":10},"end":{"line":69,"column":38}},{"start":{"line":70,"column":10},"end":{"line":86,"column":null}}]},"3":{"loc":{"start":{"line":75,"column":17},"end":{"line":78,"column":null}},"type":"cond-expr","locations":[{"start":{"line":76,"column":18},"end":{"line":76,"column":49}},{"start":{"line":78,"column":18},"end":{"line":78,"column":51}}]},"4":{"loc":{"start":{"line":82,"column":13},"end":{"line":85,"column":null}},"type":"binary-expr","locations":[{"start":{"line":82,"column":13},"end":{"line":82,"column":36}},{"start":{"line":82,"column":40},"end":{"line":82,"column":70}},{"start":{"line":83,"column":16},"end":{"line":84,"column":null}}]}},"s":{"0":1,"1":1,"2":1,"3":1,"4":11,"5":10,"6":10,"7":6,"8":3,"9":17,"10":7,"11":1,"12":10,"13":1},"f":{"0":11,"1":6,"2":3,"3":17,"4":1},"b":{"0":[7],"1":[7,5],"2":[5,5],"3":[1,4],"4":[5,5,1]}}
,"/Users/amricpaul/Amric/react-assessment/src/components/error/NotFound.tsx": {"path":"/Users/amricpaul/Amric/react-assessment/src/components/error/NotFound.tsx","statementMap":{"0":{"start":{"line":1,"column":0},"end":{"line":1,"column":36}},"1":{"start":{"line":3,"column":17},"end":{"line":24,"column":1}},"2":{"start":{"line":4,"column":2},"end":{"line":23,"column":4}},"3":{"start":{"line":26,"column":0},"end":{"line":26,"column":24}}},"fnMap":{"0":{"name":"(anonymous_0)","decl":{"start":{"line":3,"column":17},"end":{"line":3,"column":20}},"loc":{"start":{"line":3,"column":22},"end":{"line":24,"column":1}}}},"branchMap":{},"s":{"0":1,"1":1,"2":1,"3":1},"f":{"0":1},"b":{}}
,"/Users/amricpaul/Amric/react-assessment/src/context/ArticleContext.tsx": {"path":"/Users/amricpaul/Amric/react-assessment/src/context/ArticleContext.tsx","statementMap":{"0":{"start":{"line":1,"column":0},"end":{"line":1,"column":60}},"1":{"start":{"line":3,"column":0},"end":{"line":3,"column":73}},"2":{"start":{"line":12,"column":13},"end":{"line":12,"column":87}},"3":{"start":{"line":19,"column":2},"end":{"line":23,"column":null}},"4":{"start":{"line":25,"column":2},"end":{"line":39,"column":null}},"5":{"start":{"line":26,"column":4},"end":{"line":26,"column":47}},"6":{"start":{"line":26,"column":40},"end":{"line":26,"column":47}},"7":{"start":{"line":28,"column":4},"end":{"line":28,"column":37}},"8":{"start":{"line":29,"column":4},"end":{"line":38,"column":5}},"9":{"start":{"line":30,"column":23},"end":{"line":30,"column":54}},"10":{"start":{"line":31,"column":6},"end":{"line":31,"column":52}},"11":{"start":{"line":33,"column":6},"end":{"line":35,"column":9}},"12":{"start":{"line":37,"column":6},"end":{"line":37,"column":40}},"13":{"start":{"line":42,"column":4},"end":{"line":51,"column":6}},"14":{"start":{"line":18,"column":0},"end":{"line":18,"column":13}}},"fnMap":{"0":{"name":"(anonymous_0)","decl":{"start":{"line":18,"column":0},"end":{"line":18,"column":13}},"loc":{"start":{"line":18,"column":0},"end":{"line":53,"column":1}}},"1":{"name":"(anonymous_1)","decl":{"start":{"line":25,"column":18},"end":{"line":25,"column":23}},"loc":{"start":{"line":25,"column":29},"end":{"line":39,"column":3}}},"2":{"name":"(anonymous_2)","decl":{"start":{"line":41,"column":2},"end":{"line":41,"column":8}},"loc":{"start":{"line":41,"column":8},"end":{"line":52,"column":3}}}},"branchMap":{"0":{"loc":{"start":{"line":26,"column":4},"end":{"line":26,"column":47}},"type":"if","locations":[{"start":{"line":26,"column":4},"end":{"line":26,"column":47}}]},"1":{"loc":{"start":{"line":34,"column":15},"end":{"line":34,"column":78}},"type":"cond-expr","locations":[{"start":{"line":34,"column":38},"end":{"line":34,"column":49}},{"start":{"line":34,"column":52},"end":{"line":34,"column":78}}]}},"s":{"0":1,"1":1,"2":1,"3":0,"4":0,"5":0,"6":0,"7":0,"8":0,"9":0,"10":0,"11":0,"12":0,"13":0,"14":1},"f":{"0":0,"1":0,"2":0},"b":{"0":[0],"1":[0,0]}}
,"/Users/amricpaul/Amric/react-assessment/src/services/AxiosInstance.ts": {"path":"/Users/amricpaul/Amric/react-assessment/src/services/AxiosInstance.ts","statementMap":{"0":{"start":{"line":1,"column":0},"end":{"line":1,"column":42}},"1":{"start":{"line":2,"column":0},"end":{"line":2,"column":34}},"2":{"start":{"line":4,"column":22},"end":{"line":9,"column":2}},"3":{"start":{"line":12,"column":0},"end":{"line":18,"column":3}},"4":{"start":{"line":13,"column":2},"end":{"line":16,"column":4}},"5":{"start":{"line":17,"column":2},"end":{"line":17,"column":16}},"6":{"start":{"line":21,"column":0},"end":{"line":62,"column":2}},"7":{"start":{"line":22,"column":16},"end":{"line":22,"column":24}},"8":{"start":{"line":25,"column":4},"end":{"line":60,"column":5}},"9":{"start":{"line":28,"column":21},"end":{"line":28,"column":42}},"10":{"start":{"line":29,"column":19},"end":{"line":29,"column":38}},"11":{"start":{"line":32,"column":6},"end":{"line":51,"column":7}},"12":{"start":{"line":34,"column":10},"end":{"line":34,"column":46}},"13":{"start":{"line":35,"column":10},"end":{"line":35,"column":56}},"14":{"start":{"line":37,"column":10},"end":{"line":37,"column":47}},"15":{"start":{"line":38,"column":10},"end":{"line":38,"column":59}},"16":{"start":{"line":40,"column":10},"end":{"line":40,"column":44}},"17":{"start":{"line":41,"column":10},"end":{"line":41,"column":66}},"18":{"start":{"line":43,"column":10},"end":{"line":43,"column":52}},"19":{"start":{"line":44,"column":10},"end":{"line":44,"column":73}},"20":{"start":{"line":46,"column":10},"end":{"line":46,"column":47}},"21":{"start":{"line":47,"column":10},"end":{"line":47,"column":75}},"22":{"start":{"line":49,"column":10},"end":{"line":49,"column":50}},"23":{"start":{"line":50,"column":10},"end":{"line":50,"column":50}},"24":{"start":{"line":52,"column":11},"end":{"line":60,"column":5}},"25":{"start":{"line":54,"column":6},"end":{"line":54,"column":60}},"26":{"start":{"line":55,"column":6},"end":{"line":55,"column":102}},"27":{"start":{"line":58,"column":6},"end":{"line":58,"column":59}},"28":{"start":{"line":59,"column":6},"end":{"line":59,"column":57}},"29":{"start":{"line":64,"column":0},"end":{"line":64,"column":29}}},"fnMap":{"0":{"name":"(anonymous_1)","decl":{"start":{"line":12,"column":39},"end":{"line":12,"column":40}},"loc":{"start":{"line":12,"column":50},"end":{"line":18,"column":1}}},"1":{"name":"(anonymous_2)","decl":{"start":{"line":22,"column":2},"end":{"line":22,"column":3}},"loc":{"start":{"line":22,"column":16},"end":{"line":22,"column":24}}},"2":{"name":"(anonymous_3)","decl":{"start":{"line":23,"column":2},"end":{"line":23,"column":3}},"loc":{"start":{"line":23,"column":24},"end":{"line":61,"column":3}}}},"branchMap":{"0":{"loc":{"start":{"line":25,"column":4},"end":{"line":60,"column":5}},"type":"if","locations":[{"start":{"line":25,"column":4},"end":{"line":60,"column":5}},{"start":{"line":52,"column":11},"end":{"line":60,"column":5}}]},"1":{"loc":{"start":{"line":32,"column":6},"end":{"line":51,"column":7}},"type":"switch","locations":[{"start":{"line":33,"column":8},"end":{"line":35,"column":56}},{"start":{"line":36,"column":8},"end":{"line":38,"column":59}},{"start":{"line":39,"column":8},"end":{"line":41,"column":66}},{"start":{"line":42,"column":8},"end":{"line":44,"column":73}},{"start":{"line":45,"column":8},"end":{"line":47,"column":75}},{"start":{"line":48,"column":8},"end":{"line":50,"column":50}}]},"2":{"loc":{"start":{"line":52,"column":11},"end":{"line":60,"column":5}},"type":"if","locations":[{"start":{"line":52,"column":11},"end":{"line":60,"column":5}},{"start":{"line":56,"column":11},"end":{"line":60,"column":5}}]}},"s":{"0":1,"1":1,"2":1,"3":1,"4":0,"5":0,"6":1,"7":0,"8":0,"9":0,"10":0,"11":0,"12":0,"13":0,"14":0,"15":0,"16":0,"17":0,"18":0,"19":0,"20":0,"21":0,"22":0,"23":0,"24":0,"25":0,"26":0,"27":0,"28":0,"29":1},"f":{"0":0,"1":0,"2":0},"b":{"0":[0,0],"1":[0,0,0,0,0,0],"2":[0,0]}}
,"/Users/amricpaul/Amric/react-assessment/src/services/features/ArticleApis.ts": {"path":"/Users/amricpaul/Amric/react-assessment/src/services/features/ArticleApis.ts","statementMap":{"0":{"start":{"line":1,"column":0},"end":{"line":1,"column":45}},"1":{"start":{"line":3,"column":38},"end":{"line":5,"column":1}},"2":{"start":{"line":4,"column":2},"end":{"line":4,"column":66}},"3":{"start":{"line":3,"column":13},"end":{"line":3,"column":38}}},"fnMap":{"0":{"name":"(anonymous_1)","decl":{"start":{"line":3,"column":38},"end":{"line":3,"column":43}},"loc":{"start":{"line":3,"column":63},"end":{"line":5,"column":1}}}},"branchMap":{},"s":{"0":1,"1":1,"2":0,"3":1},"f":{"0":0},"b":{}}
}
