TN:
SF:src/config.ts
FNF:0
FNH:0
DA:3,2
DA:9,2
LF:2
LH:2
BRF:0
BRH:0
end_of_record
TN:
SF:src/components/article/ArticleCard.tsx
FN:17,(anonymous_1)
FN:19,(anonymous_2)
FN:23,(anonymous_3)
FN:39,(anonymous_4)
FN:53,(anonymous_5)
FN:74,(anonymous_6)
FNF:6
FNH:6
FNDA:7,(anonymous_1)
FNDA:6,(anonymous_2)
FNDA:7,(anonymous_3)
FNDA:7,(anonymous_4)
FNDA:7,(anonymous_5)
FNDA:18,(anonymous_6)
DA:1,2
DA:2,2
DA:4,2
DA:5,2
DA:16,2
DA:18,7
DA:19,6
DA:24,7
DA:25,7
DA:27,7
DA:40,7
DA:54,7
DA:73,2
DA:75,18
LF:14
LH:14
BRDA:18,0,0,7
BRDA:18,0,1,3
BRDA:25,1,0,0
BRDA:43,2,0,7
BRDA:43,2,1,0
BRDA:47,3,0,7
BRDA:47,3,1,0
BRDA:64,4,0,7
BRDA:64,4,1,0
BRF:9
BRH:5
end_of_record
TN:
SF:src/components/article/ArticleList.tsx
FN:11,(anonymous_0)
FN:17,(anonymous_1)
FN:34,(anonymous_2)
FN:42,(anonymous_3)
FN:45,(anonymous_4)
FNF:5
FNH:5
FNDA:4,(anonymous_0)
FNDA:6,(anonymous_1)
FNDA:2,(anonymous_2)
FNDA:2,(anonymous_3)
FNDA:18,(anonymous_4)
DA:1,1
DA:2,1
DA:3,1
DA:7,1
DA:8,1
DA:12,4
DA:13,3
DA:18,6
DA:19,1
DA:22,5
DA:24,5
DA:25,1
DA:28,4
DA:29,2
DA:32,2
DA:35,2
DA:42,1
DA:43,2
DA:46,18
LF:19
LH:19
BRDA:12,0,0,3
BRDA:18,1,0,1
BRDA:24,2,0,1
BRDA:28,3,0,2
BRF:4
BRH:4
end_of_record
TN:
SF:src/components/error/ErrorBoundry.tsx
FN:26,(anonymous_1)
FN:35,(anonymous_2)
FN:43,(anonymous_3)
FN:48,(anonymous_4)
FN:71,(anonymous_5)
FNF:5
FNH:5
FNDA:11,(anonymous_1)
FNDA:6,(anonymous_2)
FNDA:3,(anonymous_3)
FNDA:17,(anonymous_4)
FNDA:1,(anonymous_5)
DA:1,1
DA:2,1
DA:3,1
DA:4,1
DA:24,10
DA:27,11
DA:28,10
DA:36,6
DA:45,3
DA:49,17
DA:50,7
DA:71,1
DA:93,10
DA:97,1
LF:14
LH:14
BRDA:49,0,0,7
BRDA:50,1,0,7
BRDA:50,1,1,5
BRDA:69,2,0,5
BRDA:69,2,1,5
BRDA:75,3,0,1
BRDA:75,3,1,4
BRDA:82,4,0,5
BRDA:82,4,1,5
BRDA:82,4,2,1
BRF:10
BRH:10
end_of_record
TN:
SF:src/components/error/NotFound.tsx
FN:3,(anonymous_0)
FNF:1
FNH:1
FNDA:1,(anonymous_0)
DA:1,1
DA:3,1
DA:4,1
DA:26,1
LF:4
LH:4
BRF:0
BRH:0
end_of_record
TN:
SF:src/context/ArticleContext.tsx
FN:18,(anonymous_0)
FN:25,(anonymous_1)
FN:41,(anonymous_2)
FNF:3
FNH:0
FNDA:0,(anonymous_0)
FNDA:0,(anonymous_1)
FNDA:0,(anonymous_2)
DA:1,1
DA:3,1
DA:12,1
DA:18,1
DA:19,0
DA:25,0
DA:26,0
DA:28,0
DA:29,0
DA:30,0
DA:31,0
DA:33,0
DA:37,0
DA:42,0
LF:14
LH:4
BRDA:26,0,0,0
BRDA:34,1,0,0
BRDA:34,1,1,0
BRF:3
BRH:0
end_of_record
TN:
SF:src/services/AxiosInstance.ts
FN:12,(anonymous_1)
FN:22,(anonymous_2)
FN:23,(anonymous_3)
FNF:3
FNH:0
FNDA:0,(anonymous_1)
FNDA:0,(anonymous_2)
FNDA:0,(anonymous_3)
DA:1,1
DA:2,1
DA:4,1
DA:12,1
DA:13,0
DA:17,0
DA:21,1
DA:22,0
DA:25,0
DA:28,0
DA:29,0
DA:32,0
DA:34,0
DA:35,0
DA:37,0
DA:38,0
DA:40,0
DA:41,0
DA:43,0
DA:44,0
DA:46,0
DA:47,0
DA:49,0
DA:50,0
DA:52,0
DA:54,0
DA:55,0
DA:58,0
DA:59,0
DA:64,1
LF:30
LH:6
BRDA:25,0,0,0
BRDA:25,0,1,0
BRDA:32,1,0,0
BRDA:32,1,1,0
BRDA:32,1,2,0
BRDA:32,1,3,0
BRDA:32,1,4,0
BRDA:32,1,5,0
BRDA:52,2,0,0
BRDA:52,2,1,0
BRF:10
BRH:0
end_of_record
TN:
SF:src/services/features/ArticleApis.ts
FN:3,(anonymous_1)
FNF:1
FNH:0
FNDA:0,(anonymous_1)
DA:1,1
DA:3,1
DA:4,0
LF:3
LH:2
BRF:0
BRH:0
end_of_record
